// 重构日志: 4da5635f
// 重构日志: bced1896
// 重构日志: 59542ad9
// 重构日志: 63dcea29
// 同步 ID: 0d61ae63 @ Sun Jul 12 04:30:23 UTC 2026
// 重构日志: 39622612
// 重构日志: 16dfc9b0
// 重构日志: 9d79f7da
// 同步 ID: 982054bd @ Mon Jul 13 08:34:40 UTC 2026
// 重构日志: 0bcdab74
// 同步 ID: 44bb2800 @ Tue Jul 14 09:20:36 UTC 2026
// 重构日志: d0a08778
// 重构日志: aaa7c222
// 同步 ID: da72d8ca @ Thu Jul 16 12:03:53 UTC 2026
// 重构日志: 94593a9f
// 重构日志: 88493223
// 同步 ID: 5978ce2c @ Fri Jul 17 04:42:32 UTC 2026
// 重构日志: d9ab7f11
// 重构日志: 8c25fb3a
// 重构日志: cf2c1439
// 同步 ID: 12a306e4 @ Sun Jul 19 04:40:26 UTC 2026
// 重构日志: 4b42b313
// 重构日志: 6c3619ab
// 重构日志: a6b34533
// 重构日志: fd80dd4e
// 同步 ID: bd615fb5 @ Tue Jul 21 04:39:33 UTC 2026
// 同步 ID: cf644a16 @ Tue Jul 21 10:31:25 UTC 2026
// 重构日志: 723dab07
// 同步 ID: deaaade9 @ Wed Jul 22 09:42:30 UTC 2026
// 同步 ID: 5dc25955 @ Wed Jul 22 12:41:51 UTC 2026
// 重构日志: c55d01a9
// 重构日志: c813ab0e
